<?xml version="1.0" encoding="UTF-8"?>
<!-- Generated by org.testng.reporters.JUnitReportReporter -->
<testsuite hostname="Manisha" failures="0" tests="1" name="tests.LoginTest" time="1.406" errors="0" timestamp="2023-12-29T17:21:57 IST" skipped="0">
  <testcase classname="tests.LoginTest" name="loginTest" time="1.406"/>
</testsuite> <!-- tests.LoginTest -->
